<?xml version="1.0" encoding="UTF-8"?>
<testng-results skipped="0" failed="0" ignored="2" total="8" passed="6">
  <reporter-output>
  </reporter-output>
  <suite name="PhpTravels" duration-ms="17753" started-at="2019-01-24T13:56:06Z" finished-at="2019-01-24T13:56:24Z">
    <groups>
    </groups>
    <test name="Data Tests" duration-ms="17753" started-at="2019-01-24T13:56:06Z" finished-at="2019-01-24T13:56:24Z">
      <class name="com.selenium.hybridfw.tests.HomeTests">
        <test-method status="PASS" signature="beforeAllClasses()[pri:0, instance:com.selenium.hybridfw.tests.HomeTests@1a5b6f42]" name="beforeAllClasses" is-config="true" duration-ms="14417" started-at="2019-01-24T08:56:06Z" finished-at="2019-01-24T08:56:21Z">
          <reporter-output>
          </reporter-output>
        </test-method> <!-- beforeAllClasses -->
        <test-method status="PASS" signature="setup()[pri:0, instance:com.selenium.hybridfw.tests.HomeTests@1a5b6f42]" name="setup" is-config="true" duration-ms="76" started-at="2019-01-24T08:56:21Z" finished-at="2019-01-24T08:56:21Z">
          <reporter-output>
          </reporter-output>
        </test-method> <!-- setup -->
        <test-method status="PASS" signature="logValidation()[pri:0, instance:com.selenium.hybridfw.tests.HomeTests@1a5b6f42]" name="logValidation" duration-ms="57" started-at="2019-01-24T08:56:21Z" finished-at="2019-01-24T08:56:21Z">
          <reporter-output>
          </reporter-output>
        </test-method> <!-- logValidation -->
        <test-method status="PASS" signature="logValidation2()[pri:0, instance:com.selenium.hybridfw.tests.HomeTests@1a5b6f42]" name="logValidation2" duration-ms="9" started-at="2019-01-24T08:56:21Z" finished-at="2019-01-24T08:56:21Z">
          <reporter-output>
          </reporter-output>
        </test-method> <!-- logValidation2 -->
        <test-method status="PASS" signature="logValidation3()[pri:0, instance:com.selenium.hybridfw.tests.HomeTests@1a5b6f42]" name="logValidation3" duration-ms="7" started-at="2019-01-24T08:56:21Z" finished-at="2019-01-24T08:56:21Z">
          <reporter-output>
          </reporter-output>
        </test-method> <!-- logValidation3 -->
        <test-method status="PASS" signature="verify(java.lang.String)[pri:0, instance:com.selenium.hybridfw.tests.HomeTests@1a5b6f42]" name="verify" duration-ms="1" started-at="2019-01-24T08:56:21Z" data-provider="Locations" finished-at="2019-01-24T08:56:21Z">
          <params>
            <param index="0">
              <value>
                <![CDATA[Bangalore]]>
              </value>
            </param>
          </params>
          <reporter-output>
          </reporter-output>
        </test-method> <!-- verify -->
        <test-method status="PASS" signature="verify(java.lang.String)[pri:0, instance:com.selenium.hybridfw.tests.HomeTests@1a5b6f42]" name="verify" duration-ms="3" started-at="2019-01-24T08:56:21Z" data-provider="Locations" finished-at="2019-01-24T08:56:21Z">
          <params>
            <param index="0">
              <value>
                <![CDATA[Chennai]]>
              </value>
            </param>
          </params>
          <reporter-output>
          </reporter-output>
        </test-method> <!-- verify -->
        <test-method status="PASS" signature="verify(java.lang.String)[pri:0, instance:com.selenium.hybridfw.tests.HomeTests@1a5b6f42]" name="verify" duration-ms="23" started-at="2019-01-24T08:56:21Z" data-provider="Locations" finished-at="2019-01-24T08:56:21Z">
          <params>
            <param index="0">
              <value>
                <![CDATA[New Delhi]]>
              </value>
            </param>
          </params>
          <reporter-output>
          </reporter-output>
        </test-method> <!-- verify -->
        <test-method status="PASS" signature="tearDown()[pri:0, instance:com.selenium.hybridfw.tests.HomeTests@1a5b6f42]" name="tearDown" is-config="true" duration-ms="2810" started-at="2019-01-24T08:56:21Z" finished-at="2019-01-24T08:56:24Z">
          <reporter-output>
          </reporter-output>
        </test-method> <!-- tearDown -->
      </class> <!-- com.selenium.hybridfw.tests.HomeTests -->
    </test> <!-- Data Tests -->
  </suite> <!-- PhpTravels -->
</testng-results>
