<?xml version="1.0" encoding="UTF-8"?>
<!-- Generated by org.testng.reporters.JUnitXMLReporter -->
<testsuite hostname="Hp-PC" name="Data Tests" tests="4" failures="0" timestamp="19 May 2018 01:22:40 GMT" time="48.682" errors="0">
  <testcase name="verify" time="8.727" classname="com.selenium.hybridfw.tests.HomeTests"/>
  <testcase name="verify" time="8.475" classname="com.selenium.hybridfw.tests.HomeTests"/>
  <testcase name="verify" time="8.731" classname="com.selenium.hybridfw.tests.HomeTests"/>
  <testcase name="verify_parameter" time="9.787" classname="com.selenium.hybridfw.tests.HomeTests"/>
</testsuite> <!-- Data Tests -->
