<?xml version="1.0" encoding="UTF-8"?>
<!-- Generated by org.testng.reporters.JUnitXMLReporter -->
<testsuite hostname="Hp-PC" name="Functional Tests" tests="3" failures="0" timestamp="13 May 2018 15:06:10 GMT" time="10.65" errors="0">
  <testcase name="browser_launch" time="0.008" classname="com.selenium.hybridfw.tests.CarsTests"/>
  <testcase name="browser_launch2" time="0.003" classname="com.selenium.hybridfw.tests.CarsTests"/>
  <testcase name="verify" time="0.0" classname="com.selenium.hybridfw.tests.HomeTests">
    <skipped/>
  </testcase> <!-- verify -->
</testsuite> <!-- Functional Tests -->
