<?xml version="1.0" encoding="UTF-8"?>
<!-- Generated by org.testng.reporters.JUnitXMLReporter -->
<testsuite hostname="Yashika" ignored="2" name="Data Tests" tests="6" failures="0" timestamp="24 Jan 2019 14:32:12 GMT" time="10.24" errors="0">
  <testcase name="logValidation" time="0.021" classname="com.selenium.hybridfw.tests.HomeTests"/>
  <testcase name="logValidation2" time="0.002" classname="com.selenium.hybridfw.tests.HomeTests"/>
  <testcase name="logValidation3" time="0.004" classname="com.selenium.hybridfw.tests.HomeTests"/>
  <testcase name="verify" time="0.0" classname="com.selenium.hybridfw.tests.HomeTests"/>
  <testcase name="verify" time="0.001" classname="com.selenium.hybridfw.tests.HomeTests"/>
  <testcase name="verify" time="0.002" classname="com.selenium.hybridfw.tests.HomeTests"/>
  <testcase name="verify_parameter" time="0.0" classname="com.selenium.hybridfw.tests.HomeTests">
    <ignored/>
  </testcase> <!-- verify_parameter -->
  <testcase name="verify_data" time="0.0" classname="com.selenium.hybridfw.tests.HomeTests">
    <ignored/>
  </testcase> <!-- verify_data -->
</testsuite> <!-- Data Tests -->
