<?xml version="1.0" encoding="UTF-8"?>
<!-- Generated by org.testng.reporters.JUnitXMLReporter -->
<testsuite hostname="Yashika" ignored="2" name="Data Tests" tests="6" failures="0" timestamp="24 Jan 2019 13:56:24 GMT" time="17.753" errors="0">
  <testcase name="logValidation" time="0.057" classname="com.selenium.hybridfw.tests.HomeTests"/>
  <testcase name="logValidation2" time="0.009" classname="com.selenium.hybridfw.tests.HomeTests"/>
  <testcase name="logValidation3" time="0.007" classname="com.selenium.hybridfw.tests.HomeTests"/>
  <testcase name="verify" time="0.001" classname="com.selenium.hybridfw.tests.HomeTests"/>
  <testcase name="verify" time="0.003" classname="com.selenium.hybridfw.tests.HomeTests"/>
  <testcase name="verify" time="0.023" classname="com.selenium.hybridfw.tests.HomeTests"/>
  <testcase name="verify_parameter" time="0.0" classname="com.selenium.hybridfw.tests.HomeTests">
    <ignored/>
  </testcase> <!-- verify_parameter -->
  <testcase name="verify_data" time="0.0" classname="com.selenium.hybridfw.tests.HomeTests">
    <ignored/>
  </testcase> <!-- verify_data -->
</testsuite> <!-- Data Tests -->
